<?xml version="1.0" encoding="UTF-8"?>
<!-- Generated by org.testng.reporters.JUnitReportReporter -->
<testsuite hostname="DESKTOP-E3B8LTJ" failures="0" tests="1" name="com.mystore.testCases.EndToEndTest" time="27.635" errors="0" timestamp="2025-05-11T09:13:14 IST" skipped="0">
  <testcase classname="com.mystore.testCases.EndToEndTest" name="endToEndTest" time="27.635"/>
</testsuite> <!-- com.mystore.testCases.EndToEndTest -->
