<?xml version="1.0" encoding="UTF-8"?>
<!-- Generated by org.testng.reporters.JUnitReportReporter -->
<testsuite hostname="DESKTOP-E3B8LTJ" failures="0" tests="1" name="com.mystore.testCases.AccountCreationTest" time="9.027" errors="0" timestamp="2025-05-11T09:25:35 IST" skipped="0">
  <testcase classname="com.mystore.testCases.AccountCreationTest" name="createAccount" time="9.027"/>
</testsuite> <!-- com.mystore.testCases.AccountCreationTest -->
