<?xml version="1.0" encoding="UTF-8"?>
<!-- Generated by org.testng.reporters.JUnitReportReporter -->
<testsuite hostname="DESKTOP-E3B8LTJ" failures="0" tests="2" name="com.mystore.testCases.IndexPageTest" time="5.144" errors="0" timestamp="2025-05-11T08:57:58 IST" skipped="0">
  <testcase classname="com.mystore.testCases.IndexPageTest" name="verifyTitle" time="0.038"/>
  <testcase classname="com.mystore.testCases.IndexPageTest" name="verifyLogo" time="5.106"/>
</testsuite> <!-- com.mystore.testCases.IndexPageTest -->
