<?xml version="1.0" encoding="UTF-8"?>
<!-- Generated by org.testng.reporters.JUnitReportReporter -->
<testsuite hostname="DESKTOP-E3B8LTJ" failures="0" tests="1" name="com.mystore.testCases.HomePageTest" time="7.432" errors="0" timestamp="2025-05-11T08:57:58 IST" skipped="0">
  <testcase classname="com.mystore.testCases.HomePageTest" name="verifyOrderHistory" time="7.432"/>
</testsuite> <!-- com.mystore.testCases.HomePageTest -->
